# JRE version: OpenJDK Runtime Environment Microsoft-9889599 (17.0.12+7) (build 17.0.12+7-LTS)
# Java VM: OpenJDK 64-Bit Server VM Microsoft-9889599 (17.0.12+7-LTS, mixed mode, sharing, tiered, compressed oops, compressed class ptrs, g1 gc, windows-amd64)
GC Precious Log:
 CPUs: 12 total, 12 available
 Memory: 6005M
 Large Page Support: Disabled
 NUMA Support: Disabled
 Compressed Oops: Enabled (32-bit)
 Heap Region Size: 1M
 Heap Min Capacity: 8M
 Heap Initial Capacity: 94M
 Heap Max Capacity: 2G
 Pre-touch: Disabled
 Parallel Workers: 10
 Concurrent Workers: 3
 Concurrent Refinement Workers: 10
 Periodic GC: Disabled
Heap:
 garbage-first heap   total 157696K, used 114370K [0x0000000080000000, 0x0000000100000000)
  region size 1024K, 28 young (28672K), 4 survivors (4096K)
 Metaspace       used 77940K, committed 78976K, reserved 557056K
  class space    used 10911K, committed 11392K, reserved 425984K
GC Heap History (20 events):
Event: 25.191 GC heap before
{Heap before GC invocations=32 (full 0):
 garbage-first heap   total 117760K, used 87558K [0x0000000080000000, 0x0000000100000000)
  region size 1024K, 21 young (21504K), 2 survivors (2048K)
 Metaspace       used 64862K, committed 65664K, reserved 491520K
  class space    used 9152K, committed 9536K, reserved 425984K
}
Event: 25.194 GC heap after
{Heap after GC invocations=33 (full 0):
 garbage-first heap   total 153600K, used 68625K [0x0000000080000000, 0x0000000100000000)
  region size 1024K, 2 young (2048K), 2 survivors (2048K)
 Metaspace       used 64862K, committed 65664K, reserved 491520K
  class space    used 9152K, committed 9536K, reserved 425984K
}
Event: 26.925 GC heap before
{Heap before GC invocations=33 (full 0):
 garbage-first heap   total 153600K, used 115729K [0x0000000080000000, 0x0000000100000000)
  region size 1024K, 48 young (49152K), 2 survivors (2048K)
 Metaspace       used 67069K, committed 67904K, reserved 491520K
  class space    used 9448K, committed 9792K, reserved 425984K
}
Event: 26.929 GC heap after
{Heap after GC invocations=34 (full 0):
 garbage-first heap   total 153600K, used 71059K [0x0000000080000000, 0x0000000100000000)
  region size 1024K, 5 young (5120K), 5 survivors (5120K)
 Metaspace       used 67069K, committed 67904K, reserved 491520K
  class space    used 9448K, committed 9792K, reserved 425984K
}
Event: 29.186 GC heap before
{Heap before GC invocations=34 (full 0):
 garbage-first heap   total 153600K, used 118163K [0x0000000080000000, 0x0000000100000000)
  region size 1024K, 51 young (52224K), 5 survivors (5120K)
 Metaspace       used 69446K, committed 70272K, reserved 491520K
  class space    used 9777K, committed 10176K, reserved 425984K
}
Event: 29.191 GC heap after
{Heap after GC invocations=35 (full 0):
 garbage-first heap   total 153600K, used 73808K [0x0000000080000000, 0x0000000100000000)
  region size 1024K, 6 young (6144K), 6 survivors (6144K)
 Metaspace       used 69446K, committed 70272K, reserved 491520K
  class space    used 9777K, committed 10176K, reserved 425984K
}
Event: 34.411 GC heap before
{Heap before GC invocations=35 (full 0):
 garbage-first heap   total 153600K, used 119888K [0x0000000080000000, 0x0000000100000000)
  region size 1024K, 52 young (53248K), 6 survivors (6144K)
 Metaspace       used 73554K, committed 74432K, reserved 491520K
  class space    used 10454K, committed 10880K, reserved 425984K
}
Event: 34.421 GC heap after
{Heap after GC invocations=36 (full 0):
 garbage-first heap   total 153600K, used 77519K [0x0000000080000000, 0x0000000100000000)
  region size 1024K, 7 young (7168K), 7 survivors (7168K)
 Metaspace       used 73554K, committed 74432K, reserved 491520K
  class space    used 10454K, committed 10880K, reserved 425984K
}
Event: 36.273 GC heap before
{Heap before GC invocations=36 (full 0):
 garbage-first heap   total 153600K, used 121551K [0x0000000080000000, 0x0000000100000000)
  region size 1024K, 51 young (52224K), 7 survivors (7168K)
 Metaspace       used 76110K, committed 76992K, reserved 557056K
  class space    used 10740K, committed 11136K, reserved 425984K
}
Event: 36.280 GC heap after
{Heap after GC invocations=37 (full 0):
 garbage-first heap   total 153600K, used 79169K [0x0000000080000000, 0x0000000100000000)
  region size 1024K, 6 young (6144K), 6 survivors (6144K)
 Metaspace       used 76110K, committed 76992K, reserved 557056K
  class space    used 10740K, committed 11136K, reserved 425984K
}
Event: 38.925 GC heap before
{Heap before GC invocations=38 (full 0):
 garbage-first heap   total 153600K, used 124225K [0x0000000080000000, 0x0000000100000000)
  region size 1024K, 51 young (52224K), 6 survivors (6144K)
 Metaspace       used 77686K, committed 78656K, reserved 557056K
  class space    used 10897K, committed 11392K, reserved 425984K
}
Event: 38.933 GC heap after
{Heap after GC invocations=39 (full 0):
 garbage-first heap   total 153600K, used 83646K [0x0000000080000000, 0x0000000100000000)
  region size 1024K, 7 young (7168K), 7 survivors (7168K)
 Metaspace       used 77686K, committed 78656K, reserved 557056K
  class space    used 10897K, committed 11392K, reserved 425984K
}
Event: 40.759 GC heap before
{Heap before GC invocations=39 (full 0):
 garbage-first heap   total 153600K, used 124606K [0x0000000080000000, 0x0000000100000000)
  region size 1024K, 48 young (49152K), 7 survivors (7168K)
 Metaspace       used 77822K, committed 78784K, reserved 557056K
  class space    used 10897K, committed 11392K, reserved 425984K
}
Event: 40.766 GC heap after
{Heap after GC invocations=40 (full 0):
 garbage-first heap   total 153600K, used 85058K [0x0000000080000000, 0x0000000100000000)
  region size 1024K, 2 young (2048K), 2 survivors (2048K)
 Metaspace       used 77822K, committed 78784K, reserved 557056K
  class space    used 10897K, committed 11392K, reserved 425984K
}
Event: 42.403 GC heap before
{Heap before GC invocations=41 (full 0):
 garbage-first heap   total 153600K, used 126018K [0x0000000080000000, 0x0000000100000000)
  region size 1024K, 43 young (44032K), 2 survivors (2048K)
 Metaspace       used 77828K, committed 78848K, reserved 557056K
  class space    used 10897K, committed 11392K, reserved 425984K
}
Event: 42.408 GC heap after
{Heap after GC invocations=42 (full 0):
 garbage-first heap   total 153600K, used 85851K [0x0000000080000000, 0x0000000100000000)
  region size 1024K, 3 young (3072K), 3 survivors (3072K)
 Metaspace       used 77828K, committed 78848K, reserved 557056K
  class space    used 10897K, committed 11392K, reserved 425984K
}
Event: 42.512 GC heap before
{Heap before GC invocations=42 (full 0):
 garbage-first heap   total 153600K, used 88923K [0x0000000080000000, 0x0000000100000000)
  region size 1024K, 7 young (7168K), 3 survivors (3072K)
 Metaspace       used 77831K, committed 78848K, reserved 557056K
  class space    used 10898K, committed 11392K, reserved 425984K
}
Event: 42.516 GC heap after
{Heap after GC invocations=43 (full 0):
 garbage-first heap   total 153600K, used 85772K [0x0000000080000000, 0x0000000100000000)
  region size 1024K, 1 young (1024K), 1 survivors (1024K)
 Metaspace       used 77831K, committed 78848K, reserved 557056K
  class space    used 10898K, committed 11392K, reserved 425984K
}
Event: 47.689 GC heap before
{Heap before GC invocations=43 (full 0):
 garbage-first heap   total 153600K, used 129804K [0x0000000080000000, 0x0000000100000000)
  region size 1024K, 42 young (43008K), 1 survivors (1024K)
 Metaspace       used 77889K, committed 78912K, reserved 557056K
  class space    used 10905K, committed 11392K, reserved 425984K
}
Event: 47.725 GC heap after
{Heap after GC invocations=44 (full 0):
 garbage-first heap   total 153600K, used 91842K [0x0000000080000000, 0x0000000100000000)
  region size 1024K, 4 young (4096K), 4 survivors (4096K)
 Metaspace       used 77889K, committed 78912K, reserved 557056K
  class space    used 10905K, committed 11392K, reserved 425984K
}

