# JRE version: OpenJDK Runtime Environment Microsoft-9889599 (17.0.12+7) (build 17.0.12+7-LTS)
# Java VM: OpenJDK 64-Bit Server VM Microsoft-9889599 (17.0.12+7-LTS, mixed mode, sharing, tiered, compressed oops, compressed class ptrs, g1 gc, windows-amd64)
GC Precious Log:
 CPUs: 12 total, 12 available
 Memory: 6005M
 Large Page Support: Disabled
 NUMA Support: Disabled
 Compressed Oops: Enabled (32-bit)
 Heap Region Size: 1M
 Heap Min Capacity: 8M
 Heap Initial Capacity: 94M
 Heap Max Capacity: 1502M
 Pre-touch: Disabled
 Parallel Workers: 10
 Concurrent Workers: 3
 Concurrent Refinement Workers: 10
 Periodic GC: Disabled
Heap:
 garbage-first heap   total 183296K, used 125286K [0x00000000a2200000, 0x0000000100000000)
  region size 1024K, 20 young (20480K), 4 survivors (4096K)
 Metaspace       used 59183K, committed 59456K, reserved 1114112K
  class space    used 6451K, committed 6592K, reserved 1048576K
GC Heap History (20 events):
Event: 98.407 GC heap before
{Heap before GC invocations=31 (full 0):
 garbage-first heap   total 183296K, used 128187K [0x00000000a2200000, 0x0000000100000000)
  region size 1024K, 59 young (60416K), 2 survivors (2048K)
 Metaspace       used 48643K, committed 48960K, reserved 1114112K
  class space    used 5687K, committed 5824K, reserved 1048576K
}
Event: 98.414 GC heap after
{Heap after GC invocations=32 (full 0):
 garbage-first heap   total 183296K, used 72419K [0x00000000a2200000, 0x0000000100000000)
  region size 1024K, 4 young (4096K), 4 survivors (4096K)
 Metaspace       used 48643K, committed 48960K, reserved 1114112K
  class space    used 5687K, committed 5824K, reserved 1048576K
}
Event: 101.729 GC heap before
{Heap before GC invocations=32 (full 0):
 garbage-first heap   total 183296K, used 135907K [0x00000000a2200000, 0x0000000100000000)
  region size 1024K, 64 young (65536K), 4 survivors (4096K)
 Metaspace       used 51307K, committed 51584K, reserved 1114112K
  class space    used 5911K, committed 6080K, reserved 1048576K
}
Event: 101.738 GC heap after
{Heap after GC invocations=33 (full 0):
 garbage-first heap   total 183296K, used 77245K [0x00000000a2200000, 0x0000000100000000)
  region size 1024K, 7 young (7168K), 7 survivors (7168K)
 Metaspace       used 51307K, committed 51584K, reserved 1114112K
  class space    used 5911K, committed 6080K, reserved 1048576K
}
Event: 107.638 GC heap before
{Heap before GC invocations=33 (full 0):
 garbage-first heap   total 183296K, used 141757K [0x00000000a2200000, 0x0000000100000000)
  region size 1024K, 69 young (70656K), 7 survivors (7168K)
 Metaspace       used 54314K, committed 54592K, reserved 1114112K
  class space    used 6145K, committed 6272K, reserved 1048576K
}
Event: 107.654 GC heap after
{Heap after GC invocations=34 (full 0):
 garbage-first heap   total 183296K, used 84376K [0x00000000a2200000, 0x0000000100000000)
  region size 1024K, 9 young (9216K), 9 survivors (9216K)
 Metaspace       used 54314K, committed 54592K, reserved 1114112K
  class space    used 6145K, committed 6272K, reserved 1048576K
}
Event: 115.134 GC heap before
{Heap before GC invocations=34 (full 0):
 garbage-first heap   total 183296K, used 143768K [0x00000000a2200000, 0x0000000100000000)
  region size 1024K, 67 young (68608K), 9 survivors (9216K)
 Metaspace       used 55889K, committed 56192K, reserved 1114112K
  class space    used 6270K, committed 6400K, reserved 1048576K
}
Event: 115.157 GC heap after
{Heap after GC invocations=35 (full 0):
 garbage-first heap   total 183296K, used 92695K [0x00000000a2200000, 0x0000000100000000)
  region size 1024K, 8 young (8192K), 8 survivors (8192K)
 Metaspace       used 55889K, committed 56192K, reserved 1114112K
  class space    used 6270K, committed 6400K, reserved 1048576K
}
Event: 121.455 GC heap before
{Heap before GC invocations=35 (full 0):
 garbage-first heap   total 183296K, used 145943K [0x00000000a2200000, 0x0000000100000000)
  region size 1024K, 60 young (61440K), 8 survivors (8192K)
 Metaspace       used 56358K, committed 56640K, reserved 1114112K
  class space    used 6294K, committed 6464K, reserved 1048576K
}
Event: 121.476 GC heap after
{Heap after GC invocations=36 (full 0):
 garbage-first heap   total 183296K, used 97394K [0x00000000a2200000, 0x0000000100000000)
  region size 1024K, 5 young (5120K), 5 survivors (5120K)
 Metaspace       used 56358K, committed 56640K, reserved 1114112K
  class space    used 6294K, committed 6464K, reserved 1048576K
}
Event: 126.443 GC heap before
{Heap before GC invocations=36 (full 0):
 garbage-first heap   total 183296K, used 148594K [0x00000000a2200000, 0x0000000100000000)
  region size 1024K, 55 young (56320K), 5 survivors (5120K)
 Metaspace       used 56598K, committed 56896K, reserved 1114112K
  class space    used 6300K, committed 6464K, reserved 1048576K
}
Event: 126.457 GC heap after
{Heap after GC invocations=37 (full 0):
 garbage-first heap   total 183296K, used 100156K [0x00000000a2200000, 0x0000000100000000)
  region size 1024K, 4 young (4096K), 4 survivors (4096K)
 Metaspace       used 56598K, committed 56896K, reserved 1114112K
  class space    used 6300K, committed 6464K, reserved 1048576K
}
Event: 132.968 GC heap before
{Heap before GC invocations=37 (full 0):
 garbage-first heap   total 183296K, used 150332K [0x00000000a2200000, 0x0000000100000000)
  region size 1024K, 53 young (54272K), 4 survivors (4096K)
 Metaspace       used 56854K, committed 57152K, reserved 1114112K
  class space    used 6303K, committed 6464K, reserved 1048576K
}
Event: 132.984 GC heap after
{Heap after GC invocations=38 (full 0):
 garbage-first heap   total 183296K, used 103791K [0x00000000a2200000, 0x0000000100000000)
  region size 1024K, 7 young (7168K), 7 survivors (7168K)
 Metaspace       used 56854K, committed 57152K, reserved 1114112K
  class space    used 6303K, committed 6464K, reserved 1048576K
}
Event: 138.154 GC heap before
{Heap before GC invocations=38 (full 0):
 garbage-first heap   total 183296K, used 151919K [0x00000000a2200000, 0x0000000100000000)
  region size 1024K, 54 young (55296K), 7 survivors (7168K)
 Metaspace       used 57120K, committed 57408K, reserved 1114112K
  class space    used 6305K, committed 6464K, reserved 1048576K
}
Event: 138.214 GC heap after
{Heap after GC invocations=39 (full 0):
 garbage-first heap   total 183296K, used 106610K [0x00000000a2200000, 0x0000000100000000)
  region size 1024K, 3 young (3072K), 3 survivors (3072K)
 Metaspace       used 57120K, committed 57408K, reserved 1114112K
  class space    used 6305K, committed 6464K, reserved 1048576K
}
Event: 144.629 GC heap before
{Heap before GC invocations=39 (full 0):
 garbage-first heap   total 183296K, used 152690K [0x00000000a2200000, 0x0000000100000000)
  region size 1024K, 48 young (49152K), 3 survivors (3072K)
 Metaspace       used 57680K, committed 57920K, reserved 1114112K
  class space    used 6340K, committed 6464K, reserved 1048576K
}
Event: 144.649 GC heap after
{Heap after GC invocations=40 (full 0):
 garbage-first heap   total 183296K, used 109167K [0x00000000a2200000, 0x0000000100000000)
  region size 1024K, 6 young (6144K), 6 survivors (6144K)
 Metaspace       used 57680K, committed 57920K, reserved 1114112K
  class space    used 6340K, committed 6464K, reserved 1048576K
}
Event: 152.302 GC heap before
{Heap before GC invocations=40 (full 0):
 garbage-first heap   total 183296K, used 153199K [0x00000000a2200000, 0x0000000100000000)
  region size 1024K, 49 young (50176K), 6 survivors (6144K)
 Metaspace       used 57963K, committed 58240K, reserved 1114112K
  class space    used 6353K, committed 6528K, reserved 1048576K
}
Event: 152.347 GC heap after
{Heap after GC invocations=41 (full 0):
 garbage-first heap   total 183296K, used 109926K [0x00000000a2200000, 0x0000000100000000)
  region size 1024K, 4 young (4096K), 4 survivors (4096K)
 Metaspace       used 57963K, committed 58240K, reserved 1114112K
  class space    used 6353K, committed 6528K, reserved 1048576K
}

