# JRE version: OpenJDK Runtime Environment Microsoft-9889599 (17.0.12+7) (build 17.0.12+7-LTS)
# Java VM: OpenJDK 64-Bit Server VM Microsoft-9889599 (17.0.12+7-LTS, mixed mode, sharing, tiered, compressed oops, compressed class ptrs, g1 gc, windows-amd64)
GC Precious Log:
 CPUs: 12 total, 12 available
 Memory: 6005M
 Large Page Support: Disabled
 NUMA Support: Disabled
 Compressed Oops: Enabled (32-bit)
 Heap Region Size: 1M
 Heap Min Capacity: 8M
 Heap Initial Capacity: 94M
 Heap Max Capacity: 2G
 Pre-touch: Disabled
 Parallel Workers: 10
 Concurrent Workers: 3
 Concurrent Refinement Workers: 10
 Periodic GC: Disabled
Heap:
 garbage-first heap   total 294912K, used 266815K [0x0000000080000000, 0x0000000100000000)
  region size 1024K, 2 young (2048K), 2 survivors (2048K)
 Metaspace       used 127977K, committed 129216K, reserved 557056K
  class space    used 17417K, committed 18048K, reserved 425984K
GC Heap History (20 events):
Event: 266.761 GC heap after
{Heap after GC invocations=105 (full 0):
 garbage-first heap   total 294912K, used 213039K [0x0000000080000000, 0x0000000100000000)
  region size 1024K, 6 young (6144K), 6 survivors (6144K)
 Metaspace       used 121236K, committed 122496K, reserved 557056K
  class space    used 16477K, committed 17088K, reserved 425984K
}
Event: 274.627 GC heap before
{Heap before GC invocations=105 (full 0):
 garbage-first heap   total 294912K, used 251951K [0x0000000080000000, 0x0000000100000000)
  region size 1024K, 45 young (46080K), 6 survivors (6144K)
 Metaspace       used 122136K, committed 123328K, reserved 557056K
  class space    used 16612K, committed 17216K, reserved 425984K
}
Event: 274.664 GC heap after
{Heap after GC invocations=106 (full 0):
 garbage-first heap   total 294912K, used 216259K [0x0000000080000000, 0x0000000100000000)
  region size 1024K, 5 young (5120K), 5 survivors (5120K)
 Metaspace       used 122136K, committed 123328K, reserved 557056K
  class space    used 16612K, committed 17216K, reserved 425984K
}
Event: 276.311 GC heap before
{Heap before GC invocations=106 (full 0):
 garbage-first heap   total 294912K, used 252099K [0x0000000080000000, 0x0000000100000000)
  region size 1024K, 41 young (41984K), 5 survivors (5120K)
 Metaspace       used 122139K, committed 123328K, reserved 557056K
  class space    used 16612K, committed 17216K, reserved 425984K
}
Event: 276.328 GC heap after
{Heap after GC invocations=107 (full 0):
 garbage-first heap   total 294912K, used 217235K [0x0000000080000000, 0x0000000100000000)
  region size 1024K, 4 young (4096K), 4 survivors (4096K)
 Metaspace       used 122139K, committed 123328K, reserved 557056K
  class space    used 16612K, committed 17216K, reserved 425984K
}
Event: 279.586 GC heap before
{Heap before GC invocations=107 (full 0):
 garbage-first heap   total 294912K, used 252051K [0x0000000080000000, 0x0000000100000000)
  region size 1024K, 39 young (39936K), 4 survivors (4096K)
 Metaspace       used 122330K, committed 123648K, reserved 557056K
  class space    used 16647K, committed 17280K, reserved 425984K
}
Event: 279.614 GC heap after
{Heap after GC invocations=108 (full 0):
 garbage-first heap   total 294912K, used 218577K [0x0000000080000000, 0x0000000100000000)
  region size 1024K, 3 young (3072K), 3 survivors (3072K)
 Metaspace       used 122330K, committed 123648K, reserved 557056K
  class space    used 16647K, committed 17280K, reserved 425984K
}
Event: 282.233 GC heap before
{Heap before GC invocations=108 (full 0):
 garbage-first heap   total 294912K, used 269777K [0x0000000080000000, 0x0000000100000000)
  region size 1024K, 39 young (39936K), 3 survivors (3072K)
 Metaspace       used 123858K, committed 125120K, reserved 557056K
  class space    used 16840K, committed 17472K, reserved 425984K
}
Event: 282.269 GC heap after
{Heap after GC invocations=109 (full 0):
 garbage-first heap   total 294912K, used 239748K [0x0000000080000000, 0x0000000100000000)
  region size 1024K, 5 young (5120K), 5 survivors (5120K)
 Metaspace       used 123858K, committed 125120K, reserved 557056K
  class space    used 16840K, committed 17472K, reserved 425984K
}
Event: 283.602 GC heap before
{Heap before GC invocations=109 (full 0):
 garbage-first heap   total 294912K, used 257156K [0x0000000080000000, 0x0000000100000000)
  region size 1024K, 23 young (23552K), 5 survivors (5120K)
 Metaspace       used 125312K, committed 126592K, reserved 557056K
  class space    used 17034K, committed 17664K, reserved 425984K
}
Event: 283.655 GC heap after
{Heap after GC invocations=110 (full 0):
 garbage-first heap   total 294912K, used 240744K [0x0000000080000000, 0x0000000100000000)
  region size 1024K, 1 young (1024K), 1 survivors (1024K)
 Metaspace       used 125312K, committed 126592K, reserved 557056K
  class space    used 17034K, committed 17664K, reserved 425984K
}
Event: 284.960 GC heap before
{Heap before GC invocations=110 (full 0):
 garbage-first heap   total 294912K, used 258152K [0x0000000080000000, 0x0000000100000000)
  region size 1024K, 19 young (19456K), 1 survivors (1024K)
 Metaspace       used 127378K, committed 128640K, reserved 557056K
  class space    used 17325K, committed 17984K, reserved 425984K
}
Event: 284.973 GC heap after
{Heap after GC invocations=111 (full 0):
 garbage-first heap   total 294912K, used 241166K [0x0000000080000000, 0x0000000100000000)
  region size 1024K, 2 young (2048K), 2 survivors (2048K)
 Metaspace       used 127378K, committed 128640K, reserved 557056K
  class space    used 17325K, committed 17984K, reserved 425984K
}
Event: 285.199 GC heap before
{Heap before GC invocations=111 (full 0):
 garbage-first heap   total 294912K, used 260622K [0x0000000080000000, 0x0000000100000000)
  region size 1024K, 8 young (8192K), 2 survivors (2048K)
 Metaspace       used 127718K, committed 129024K, reserved 557056K
  class space    used 17380K, committed 18048K, reserved 425984K
}
Event: 285.313 GC heap after
{Heap after GC invocations=112 (full 0):
 garbage-first heap   total 294912K, used 248418K [0x0000000080000000, 0x0000000100000000)
  region size 1024K, 3 young (3072K), 3 survivors (3072K)
 Metaspace       used 127718K, committed 129024K, reserved 557056K
  class space    used 17380K, committed 18048K, reserved 425984K
}
Event: 285.353 GC heap before
{Heap before GC invocations=112 (full 0):
 garbage-first heap   total 294912K, used 268898K [0x0000000080000000, 0x0000000100000000)
  region size 1024K, 14 young (14336K), 3 survivors (3072K)
 Metaspace       used 127724K, committed 129024K, reserved 557056K
  class space    used 17380K, committed 18048K, reserved 425984K
}
Event: 285.380 GC heap after
{Heap after GC invocations=113 (full 0):
 garbage-first heap   total 294912K, used 257316K [0x0000000080000000, 0x0000000100000000)
  region size 1024K, 2 young (2048K), 2 survivors (2048K)
 Metaspace       used 127724K, committed 129024K, reserved 557056K
  class space    used 17380K, committed 18048K, reserved 425984K
}
Event: 285.387 GC heap before
{Heap before GC invocations=113 (full 0):
 garbage-first heap   total 294912K, used 259364K [0x0000000080000000, 0x0000000100000000)
  region size 1024K, 3 young (3072K), 2 survivors (2048K)
 Metaspace       used 127724K, committed 129024K, reserved 557056K
  class space    used 17380K, committed 18048K, reserved 425984K
}
Event: 285.391 GC heap after
{Heap after GC invocations=114 (full 0):
 garbage-first heap   total 294912K, used 259510K [0x0000000080000000, 0x0000000100000000)
  region size 1024K, 1 young (1024K), 1 survivors (1024K)
 Metaspace       used 127724K, committed 129024K, reserved 557056K
  class space    used 17380K, committed 18048K, reserved 425984K
}
Event: 285.834 GC heap before
{Heap before GC invocations=114 (full 0):
 garbage-first heap   total 294912K, used 283062K [0x0000000080000000, 0x0000000100000000)
  region size 1024K, 14 young (14336K), 1 survivors (1024K)
 Metaspace       used 127977K, committed 129216K, reserved 557056K
  class space    used 17417K, committed 18048K, reserved 425984K
}

